This file contains any messages produced by compilers while
running configure, to aid debugging if configure makes a mistake.

It was created by gifsicle configure 1.91, which was
generated by GNU Autoconf 2.69.  Invocation command line was

  $ ./configure --disable-gifview

## --------- ##
## Platform. ##
## --------- ##

hostname = ps1o3r4w5
uname -m = x86_64
uname -r = 5.4.0-105-generic
uname -s = Linux
uname -v = #119-Ubuntu SMP Mon Mar 7 18:49:24 UTC 2022

/usr/bin/uname -p = x86_64
/bin/uname -X     = unknown

/bin/arch              = x86_64
/usr/bin/arch -k       = unknown
/usr/convex/getsysinfo = unknown
/usr/bin/hostinfo      = unknown
/bin/machine           = unknown
/usr/bin/oslevel       = unknown
/bin/universe          = unknown

PATH: /home/paperspace/src/miniconda/bin
PATH: /usr/local/sbin
PATH: /usr/local/bin
PATH: /usr/sbin
PATH: /usr/bin
PATH: /sbin
PATH: /bin
PATH: /usr/games
PATH: /usr/local/games
PATH: /snap/bin
PATH: /home/paperspace/src/miniconda/bin
PATH: /home/paperspace/.local/bin
PATH: /home/paperspace/src/miniconda/bin


## ----------- ##
## Core tests. ##
## ----------- ##

configure:2454: checking for a BSD-compatible install
configure:2522: result: /usr/bin/install -c
configure:2533: checking whether build environment is sane
configure:2588: result: yes
configure:2737: checking for a thread-safe mkdir -p
configure:2776: result: /usr/bin/mkdir -p
configure:2783: checking for gawk
configure:2799: found /usr/bin/gawk
configure:2810: result: gawk
configure:2821: checking whether make sets $(MAKE)
configure:2843: result: yes
configure:2872: checking whether make supports nested variables
configure:2889: result: yes
configure:3017: checking whether make sets $(MAKE)
configure:3039: result: yes
configure:3096: checking for gcc
configure:3112: found /usr/bin/gcc
configure:3123: result: gcc
configure:3352: checking for C compiler version
configure:3361: gcc --version >&5
gcc (Ubuntu 9.4.0-1ubuntu1~20.04) 9.4.0
Copyright (C) 2019 Free Software Foundation, Inc.
This is free software; see the source for copying conditions.  There is NO
warranty; not even for MERCHANTABILITY or FITNESS FOR A PARTICULAR PURPOSE.

configure:3372: $? = 0
configure:3361: gcc -v >&5
Using built-in specs.
COLLECT_GCC=gcc
COLLECT_LTO_WRAPPER=/usr/lib/gcc/x86_64-linux-gnu/9/lto-wrapper
OFFLOAD_TARGET_NAMES=nvptx-none:hsa
OFFLOAD_TARGET_DEFAULT=1
Target: x86_64-linux-gnu
Configured with: ../src/configure -v --with-pkgversion='Ubuntu 9.4.0-1ubuntu1~20.04' --with-bugurl=file:///usr/share/doc/gcc-9/README.Bugs --enable-languages=c,ada,c++,go,brig,d,fortran,objc,obj-c++,gm2 --prefix=/usr --with-gcc-major-version-only --program-suffix=-9 --program-prefix=x86_64-linux-gnu- --enable-shared --enable-linker-build-id --libexecdir=/usr/lib --without-included-gettext --enable-threads=posix --libdir=/usr/lib --enable-nls --enable-clocale=gnu --enable-libstdcxx-debug --enable-libstdcxx-time=yes --with-default-libstdcxx-abi=new --enable-gnu-unique-object --disable-vtable-verify --enable-plugin --enable-default-pie --with-system-zlib --with-target-system-zlib=auto --enable-objc-gc=auto --enable-multiarch --disable-werror --with-arch-32=i686 --with-abi=m64 --with-multilib-list=m32,m64,mx32 --enable-multilib --with-tune=generic --enable-offload-targets=nvptx-none=/build/gcc-9-yTrUTS/gcc-9-9.4.0/debian/tmp-nvptx/usr,hsa --without-cuda-driver --enable-checking=release --build=x86_64-linux-gnu --host=x86_64-linux-gnu --target=x86_64-linux-gnu
Thread model: posix
gcc version 9.4.0 (Ubuntu 9.4.0-1ubuntu1~20.04) 
configure:3372: $? = 0
configure:3361: gcc -V >&5
gcc: error: unrecognized command line option '-V'
gcc: fatal error: no input files
compilation terminated.
configure:3372: $? = 1
configure:3361: gcc -qversion >&5
gcc: error: unrecognized command line option '-qversion'; did you mean '--version'?
gcc: fatal error: no input files
compilation terminated.
configure:3372: $? = 1
configure:3392: checking whether the C compiler works
configure:3414: gcc    conftest.c  >&5
configure:3418: $? = 0
configure:3466: result: yes
configure:3469: checking for C compiler default output file name
configure:3471: result: a.out
configure:3477: checking for suffix of executables
configure:3484: gcc -o conftest    conftest.c  >&5
configure:3488: $? = 0
configure:3510: result: 
configure:3532: checking whether we are cross compiling
configure:3540: gcc -o conftest    conftest.c  >&5
configure:3544: $? = 0
configure:3551: ./conftest
configure:3555: $? = 0
configure:3543: result: no
configure:3548: checking for suffix of object files
configure:3570: gcc -c   conftest.c >&5
configure:3574: $? = 0
configure:3595: result: o
configure:3599: checking whether we are using the GNU C compiler
configure:3618: gcc -c   conftest.c >&5
configure:3618: $? = 0
configure:3627: result: yes
configure:3636: checking whether gcc accepts -g
configure:3656: gcc -c -g  conftest.c >&5
configure:3656: $? = 0
configure:3697: result: yes
configure:3714: checking for gcc option to accept ISO C89
configure:3777: gcc  -c -g -O2  conftest.c >&5
configure:3777: $? = 0
configure:3790: result: none needed
configure:3815: checking whether gcc understands -c and -o together
configure:3837: gcc -c conftest.c -o conftest2.o
configure:3840: $? = 0
configure:3837: gcc -c conftest.c -o conftest2.o
configure:3840: $? = 0
configure:3852: result: yes
configure:3880: checking for style of include used by make
configure:3908: result: GNU
configure:3934: checking dependency style of gcc
configure:4045: result: gcc3
configure:4065: checking how to run the C preprocessor
configure:4096: gcc -E  conftest.c
configure:4096: $? = 0
configure:4110: gcc -E  conftest.c
conftest.c:11:10: fatal error: ac_nonexistent.h: No such file or directory
   11 | #include <ac_nonexistent.h>
      |          ^~~~~~~~~~~~~~~~~~
compilation terminated.
configure:4110: $? = 1
configure: failed program was:
| /* confdefs.h */
| #define PACKAGE_NAME "gifsicle"
| #define PACKAGE_TARNAME "gifsicle"
| #define PACKAGE_VERSION "1.91"
| #define PACKAGE_STRING "gifsicle 1.91"
| #define PACKAGE_BUGREPORT ""
| #define PACKAGE_URL ""
| #define PACKAGE "gifsicle"
| #define VERSION "1.91"
| /* end confdefs.h.  */
| #include <ac_nonexistent.h>
configure:4135: result: gcc -E
configure:4155: gcc -E  conftest.c
configure:4155: $? = 0
configure:4169: gcc -E  conftest.c
conftest.c:11:10: fatal error: ac_nonexistent.h: No such file or directory
   11 | #include <ac_nonexistent.h>
      |          ^~~~~~~~~~~~~~~~~~
compilation terminated.
configure:4169: $? = 1
configure: failed program was:
| /* confdefs.h */
| #define PACKAGE_NAME "gifsicle"
| #define PACKAGE_TARNAME "gifsicle"
| #define PACKAGE_VERSION "1.91"
| #define PACKAGE_STRING "gifsicle 1.91"
| #define PACKAGE_BUGREPORT ""
| #define PACKAGE_URL ""
| #define PACKAGE "gifsicle"
| #define VERSION "1.91"
| /* end confdefs.h.  */
| #include <ac_nonexistent.h>
configure:4198: checking for an ANSI C-conforming const
configure:4264: gcc -c -g -O2  conftest.c >&5
configure:4264: $? = 0
configure:4271: result: yes
configure:4279: checking for inline
configure:4295: gcc -c -g -O2  conftest.c >&5
configure:4295: $? = 0
configure:4303: result: inline
configure:5432: checking for random
configure:5432: gcc -W -Wall -o conftest -g -O2   conftest.c  >&5
configure:5432: $? = 0
configure:5432: result: yes
configure:5445: checking for strerror
configure:5445: gcc -W -Wall -o conftest -g -O2   conftest.c  >&5
configure:5445: $? = 0
configure:5445: result: yes
configure:5462: checking for strtoul
configure:5462: gcc -W -Wall -o conftest -g -O2   conftest.c  >&5
configure:5462: $? = 0
configure:5462: result: yes
configure:5462: checking for mkstemp
configure:5462: gcc -W -Wall -o conftest -g -O2   conftest.c  >&5
configure:5462: $? = 0
configure:5462: result: yes
configure:5471: checking for library containing pow
configure:5502: gcc -W -Wall -o conftest -g -O2   conftest.c  >&5
conftest.c:23:6: warning: conflicting types for built-in function 'pow'; expected 'double(double,  double)' [-Wbuiltin-declaration-mismatch]
   23 | char pow ();
      |      ^~~
conftest.c:1:1: note: 'pow' is declared in header '<math.h>'
    1 | /* confdefs.h */
/usr/bin/ld: /tmp/ccrwkpcR.o: in function `main':
/home/paperspace/Desktop/fitness/gifsicle-1.91/conftest.c:27: undefined reference to `pow'
collect2: error: ld returned 1 exit status
configure:5502: $? = 1
configure: failed program was:
| /* confdefs.h */
| #define PACKAGE_NAME "gifsicle"
| #define PACKAGE_TARNAME "gifsicle"
| #define PACKAGE_VERSION "1.91"
| #define PACKAGE_STRING "gifsicle 1.91"
| #define PACKAGE_BUGREPORT ""
| #define PACKAGE_URL ""
| #define PACKAGE "gifsicle"
| #define VERSION "1.91"
| #define X_DISPLAY_MISSING 1
| #define RANDOM random
| #define HAVE_STRERROR 1
| #define HAVE_STRTOUL 1
| #define HAVE_MKSTEMP 1
| /* end confdefs.h.  */
| 
| /* Override any GCC internal prototype to avoid an error.
|    Use char because int might match the return type of a GCC
|    builtin and then its argument prototype would still apply.  */
| #ifdef __cplusplus
| extern "C"
| #endif
| char pow ();
| int
| main ()
| {
| return pow ();
|   ;
|   return 0;
| }
configure:5502: gcc -W -Wall -o conftest -g -O2   conftest.c -lm   >&5
conftest.c:23:6: warning: conflicting types for built-in function 'pow'; expected 'double(double,  double)' [-Wbuiltin-declaration-mismatch]
   23 | char pow ();
      |      ^~~
conftest.c:1:1: note: 'pow' is declared in header '<math.h>'
    1 | /* confdefs.h */
configure:5502: $? = 0
configure:5519: result: -lm
configure:5533: checking sys/select.h usability
configure:5533: gcc -W -Wall -c -g -O2  conftest.c >&5
configure:5533: $? = 0
configure:5533: result: yes
configure:5533: checking sys/select.h presence
configure:5533: gcc -E  conftest.c
configure:5533: $? = 0
configure:5533: result: yes
configure:5533: checking for sys/select.h
configure:5533: result: yes
configure:5533: checking sys/stat.h usability
configure:5533: gcc -W -Wall -c -g -O2  conftest.c >&5
configure:5533: $? = 0
configure:5533: result: yes
configure:5533: checking sys/stat.h presence
configure:5533: gcc -E  conftest.c
configure:5533: $? = 0
configure:5533: result: yes
configure:5533: checking for sys/stat.h
configure:5533: result: yes
configure:5533: checking inttypes.h usability
configure:5533: gcc -W -Wall -c -g -O2  conftest.c >&5
configure:5533: $? = 0
configure:5533: result: yes
configure:5533: checking inttypes.h presence
configure:5533: gcc -E  conftest.c
configure:5533: $? = 0
configure:5533: result: yes
configure:5533: checking for inttypes.h
configure:5533: result: yes
configure:5533: checking unistd.h usability
configure:5533: gcc -W -Wall -c -g -O2  conftest.c >&5
configure:5533: $? = 0
configure:5533: result: yes
configure:5533: checking unistd.h presence
configure:5533: gcc -E  conftest.c
configure:5533: $? = 0
configure:5533: result: yes
configure:5533: checking for unistd.h
configure:5533: result: yes
configure:5548: checking for inttypes.h
configure:5548: result: yes
configure:5562: checking sys/types.h usability
configure:5562: gcc -W -Wall -c -g -O2  conftest.c >&5
configure:5562: $? = 0
configure:5562: result: yes
configure:5562: checking sys/types.h presence
configure:5562: gcc -E  conftest.c
configure:5562: $? = 0
configure:5562: result: yes
configure:5562: checking for sys/types.h
configure:5562: result: yes
configure:5629: checking for uintptr_t
configure:5629: gcc -W -Wall -c -g -O2  conftest.c >&5
configure:5629: $? = 0
configure:5629: gcc -W -Wall -c -g -O2  conftest.c >&5
conftest.c: In function 'main':
conftest.c:34:24: error: expected expression before ')' token
   34 | if (sizeof ((uintptr_t)))
      |                        ^
configure:5629: $? = 1
configure: failed program was:
| /* confdefs.h */
| #define PACKAGE_NAME "gifsicle"
| #define PACKAGE_TARNAME "gifsicle"
| #define PACKAGE_VERSION "1.91"
| #define PACKAGE_STRING "gifsicle 1.91"
| #define PACKAGE_BUGREPORT ""
| #define PACKAGE_URL ""
| #define PACKAGE "gifsicle"
| #define VERSION "1.91"
| #define X_DISPLAY_MISSING 1
| #define RANDOM random
| #define HAVE_STRERROR 1
| #define HAVE_STRTOUL 1
| #define HAVE_MKSTEMP 1
| #define HAVE_POW 1
| #define HAVE_SYS_SELECT_H 1
| #define HAVE_SYS_STAT_H 1
| #define HAVE_INTTYPES_H 1
| #define HAVE_UNISTD_H 1
| #define HAVE_INTTYPES_H 1
| #define HAVE_SYS_TYPES_H 1
| /* end confdefs.h.  */
| #if HAVE_INTTYPES_H
| # include <inttypes.h>
| #endif
| #if HAVE_SYS_TYPES_H
| # include <sys/types.h>
| #endif
| 
| 
| int
| main ()
| {
| if (sizeof ((uintptr_t)))
| 	    return 0;
|   ;
|   return 0;
| }
configure:5629: result: yes
configure:5645: checking for int64_t
configure:5645: gcc -W -Wall -c -g -O2  conftest.c >&5
configure:5645: $? = 0
configure:5645: gcc -W -Wall -c -g -O2  conftest.c >&5
conftest.c: In function 'main':
conftest.c:35:22: error: expected expression before ')' token
   35 | if (sizeof ((int64_t)))
      |                      ^
configure:5645: $? = 1
configure: failed program was:
| /* confdefs.h */
| #define PACKAGE_NAME "gifsicle"
| #define PACKAGE_TARNAME "gifsicle"
| #define PACKAGE_VERSION "1.91"
| #define PACKAGE_STRING "gifsicle 1.91"
| #define PACKAGE_BUGREPORT ""
| #define PACKAGE_URL ""
| #define PACKAGE "gifsicle"
| #define VERSION "1.91"
| #define X_DISPLAY_MISSING 1
| #define RANDOM random
| #define HAVE_STRERROR 1
| #define HAVE_STRTOUL 1
| #define HAVE_MKSTEMP 1
| #define HAVE_POW 1
| #define HAVE_SYS_SELECT_H 1
| #define HAVE_SYS_STAT_H 1
| #define HAVE_INTTYPES_H 1
| #define HAVE_UNISTD_H 1
| #define HAVE_INTTYPES_H 1
| #define HAVE_SYS_TYPES_H 1
| #define HAVE_UINTPTR_T 1
| /* end confdefs.h.  */
| #if HAVE_INTTYPES_H
| # include <inttypes.h>
| #endif
| #if HAVE_SYS_TYPES_H
| # include <sys/types.h>
| #endif
| 
| 
| int
| main ()
| {
| if (sizeof ((int64_t)))
| 	    return 0;
|   ;
|   return 0;
| }
configure:5645: result: yes
configure:5661: checking for uint64_t
configure:5661: gcc -W -Wall -c -g -O2  conftest.c >&5
configure:5661: $? = 0
configure:5661: gcc -W -Wall -c -g -O2  conftest.c >&5
conftest.c: In function 'main':
conftest.c:36:23: error: expected expression before ')' token
   36 | if (sizeof ((uint64_t)))
      |                       ^
configure:5661: $? = 1
configure: failed program was:
| /* confdefs.h */
| #define PACKAGE_NAME "gifsicle"
| #define PACKAGE_TARNAME "gifsicle"
| #define PACKAGE_VERSION "1.91"
| #define PACKAGE_STRING "gifsicle 1.91"
| #define PACKAGE_BUGREPORT ""
| #define PACKAGE_URL ""
| #define PACKAGE "gifsicle"
| #define VERSION "1.91"
| #define X_DISPLAY_MISSING 1
| #define RANDOM random
| #define HAVE_STRERROR 1
| #define HAVE_STRTOUL 1
| #define HAVE_MKSTEMP 1
| #define HAVE_POW 1
| #define HAVE_SYS_SELECT_H 1
| #define HAVE_SYS_STAT_H 1
| #define HAVE_INTTYPES_H 1
| #define HAVE_UNISTD_H 1
| #define HAVE_INTTYPES_H 1
| #define HAVE_SYS_TYPES_H 1
| #define HAVE_UINTPTR_T 1
| #define HAVE_INT64_T 1
| /* end confdefs.h.  */
| #if HAVE_INTTYPES_H
| # include <inttypes.h>
| #endif
| #if HAVE_SYS_TYPES_H
| # include <sys/types.h>
| #endif
| 
| 
| int
| main ()
| {
| if (sizeof ((uint64_t)))
| 	    return 0;
|   ;
|   return 0;
| }
configure:5661: result: yes
configure:5683: checking size of float
configure:5688: gcc -W -Wall -o conftest -g -O2   conftest.c -lm  >&5
configure:5688: $? = 0
configure:5688: ./conftest
configure:5688: $? = 0
configure:5702: result: 4
configure:5716: checking size of unsigned int
configure:5721: gcc -W -Wall -o conftest -g -O2   conftest.c -lm  >&5
configure:5721: $? = 0
configure:5721: ./conftest
configure:5721: $? = 0
configure:5735: result: 4
configure:5749: checking size of unsigned long
configure:5754: gcc -W -Wall -o conftest -g -O2   conftest.c -lm  >&5
configure:5754: $? = 0
configure:5754: ./conftest
configure:5754: $? = 0
configure:5768: result: 8
configure:5782: checking size of void *
configure:5787: gcc -W -Wall -o conftest -g -O2   conftest.c -lm  >&5
configure:5787: $? = 0
configure:5787: ./conftest
configure:5787: $? = 0
configure:5801: result: 8
configure:5814: checking for usable vector_size vector types
configure:5831: gcc -W -Wall -c -g -O2  conftest.c >&5
conftest.c: In function 'main':
conftest.c:68:41: warning: implicit declaration of function 'rand' [-Wimplicit-function-declaration]
   68 |     a[0] = a[1] = a[2] = a[3] = (float) rand();
      |                                         ^~~~
configure:5831: $? = 0
configure:5840: result: yes
configure:5843: checking for usable ext_vector_type vector types
configure:5860: gcc -W -Wall -c -g -O2  conftest.c >&5
conftest.c:64:5: warning: 'ext_vector_type' attribute directive ignored [-Wattributes]
   64 |     typedef float float4 __attribute__((ext_vector_type (4)));
      |     ^~~~~~~
conftest.c: In function 'main':
conftest.c:69:6: error: subscripted value is neither array nor pointer nor vector
   69 |     a[0] = a[1] = a[2] = a[3] = (float) rand();
      |      ^
conftest.c:69:13: error: subscripted value is neither array nor pointer nor vector
   69 |     a[0] = a[1] = a[2] = a[3] = (float) rand();
      |             ^
conftest.c:69:20: error: subscripted value is neither array nor pointer nor vector
   69 |     a[0] = a[1] = a[2] = a[3] = (float) rand();
      |                    ^
conftest.c:69:27: error: subscripted value is neither array nor pointer nor vector
   69 |     a[0] = a[1] = a[2] = a[3] = (float) rand();
      |                           ^
conftest.c:69:41: warning: implicit declaration of function 'rand' [-Wimplicit-function-declaration]
   69 |     a[0] = a[1] = a[2] = a[3] = (float) rand();
      |                                         ^~~~
conftest.c:71:21: error: subscripted value is neither array nor pointer nor vector
   71 |     printf("%f\n", a[0]);
      |                     ^
configure:5860: $? = 1
configure: failed program was:
| /* confdefs.h */
| #define PACKAGE_NAME "gifsicle"
| #define PACKAGE_TARNAME "gifsicle"
| #define PACKAGE_VERSION "1.91"
| #define PACKAGE_STRING "gifsicle 1.91"
| #define PACKAGE_BUGREPORT ""
| #define PACKAGE_URL ""
| #define PACKAGE "gifsicle"
| #define VERSION "1.91"
| #define X_DISPLAY_MISSING 1
| #define RANDOM random
| #define HAVE_STRERROR 1
| #define HAVE_STRTOUL 1
| #define HAVE_MKSTEMP 1
| #define HAVE_POW 1
| #define HAVE_SYS_SELECT_H 1
| #define HAVE_SYS_STAT_H 1
| #define HAVE_INTTYPES_H 1
| #define HAVE_UNISTD_H 1
| #define HAVE_INTTYPES_H 1
| #define HAVE_SYS_TYPES_H 1
| #define HAVE_UINTPTR_T 1
| #define HAVE_INT64_T 1
| #define HAVE_UINT64_T 1
| #define SIZEOF_FLOAT 4
| #define SIZEOF_UNSIGNED_INT 4
| #define SIZEOF_UNSIGNED_LONG 8
| #define SIZEOF_VOID_P 8
| #define HAVE_VECTOR_SIZE_VECTOR_TYPES 1
| /* end confdefs.h.  */
| #include <stdio.h>
| #ifdef HAVE_SYS_TYPES_H
| # include <sys/types.h>
| #endif
| #ifdef HAVE_SYS_STAT_H
| # include <sys/stat.h>
| #endif
| #ifdef STDC_HEADERS
| # include <stdlib.h>
| # include <stddef.h>
| #else
| # ifdef HAVE_STDLIB_H
| #  include <stdlib.h>
| # endif
| #endif
| #ifdef HAVE_STRING_H
| # if !defined STDC_HEADERS && defined HAVE_MEMORY_H
| #  include <memory.h>
| # endif
| # include <string.h>
| #endif
| #ifdef HAVE_STRINGS_H
| # include <strings.h>
| #endif
| #ifdef HAVE_INTTYPES_H
| # include <inttypes.h>
| #endif
| #ifdef HAVE_STDINT_H
| # include <stdint.h>
| #endif
| #ifdef HAVE_UNISTD_H
| # include <unistd.h>
| #endif
|     typedef float float4 __attribute__((ext_vector_type (4)));
| int
| main ()
| {
| float4 a;
|     a[0] = a[1] = a[2] = a[3] = (float) rand();
|     a *= (float) 3;
|     printf("%f\n", a[0]);
|   ;
|   return 0;
| }
configure:5869: result: no
configure:5872: checking for __builtin_shufflevector
configure:5889: gcc -W -Wall -c -g -O2  conftest.c >&5
conftest.c:64:5: warning: 'ext_vector_type' attribute directive ignored [-Wattributes]
   64 |     typedef float float4 __attribute__((ext_vector_type (4)));
      |     ^~~~~~~
conftest.c: In function 'main':
conftest.c:69:6: error: subscripted value is neither array nor pointer nor vector
   69 |     a[0] = a[1] = a[2] = a[3] = (float) rand();
      |      ^
conftest.c:69:13: error: subscripted value is neither array nor pointer nor vector
   69 |     a[0] = a[1] = a[2] = a[3] = (float) rand();
      |             ^
conftest.c:69:20: error: subscripted value is neither array nor pointer nor vector
   69 |     a[0] = a[1] = a[2] = a[3] = (float) rand();
      |                    ^
conftest.c:69:27: error: subscripted value is neither array nor pointer nor vector
   69 |     a[0] = a[1] = a[2] = a[3] = (float) rand();
      |                           ^
conftest.c:69:41: warning: implicit declaration of function 'rand' [-Wimplicit-function-declaration]
   69 |     a[0] = a[1] = a[2] = a[3] = (float) rand();
      |                                         ^~~~
conftest.c:70:9: warning: implicit declaration of function '__builtin_shufflevector'; did you mean '__builtin_eh_filter'? [-Wimplicit-function-declaration]
   70 |     a = __builtin_shufflevector(a, a, 3, 2, 1, 0);
      |         ^~~~~~~~~~~~~~~~~~~~~~~
      |         __builtin_eh_filter
conftest.c:71:21: error: subscripted value is neither array nor pointer nor vector
   71 |     printf("%f\n", a[0]);
      |                     ^
configure:5889: $? = 1
configure: failed program was:
| /* confdefs.h */
| #define PACKAGE_NAME "gifsicle"
| #define PACKAGE_TARNAME "gifsicle"
| #define PACKAGE_VERSION "1.91"
| #define PACKAGE_STRING "gifsicle 1.91"
| #define PACKAGE_BUGREPORT ""
| #define PACKAGE_URL ""
| #define PACKAGE "gifsicle"
| #define VERSION "1.91"
| #define X_DISPLAY_MISSING 1
| #define RANDOM random
| #define HAVE_STRERROR 1
| #define HAVE_STRTOUL 1
| #define HAVE_MKSTEMP 1
| #define HAVE_POW 1
| #define HAVE_SYS_SELECT_H 1
| #define HAVE_SYS_STAT_H 1
| #define HAVE_INTTYPES_H 1
| #define HAVE_UNISTD_H 1
| #define HAVE_INTTYPES_H 1
| #define HAVE_SYS_TYPES_H 1
| #define HAVE_UINTPTR_T 1
| #define HAVE_INT64_T 1
| #define HAVE_UINT64_T 1
| #define SIZEOF_FLOAT 4
| #define SIZEOF_UNSIGNED_INT 4
| #define SIZEOF_UNSIGNED_LONG 8
| #define SIZEOF_VOID_P 8
| #define HAVE_VECTOR_SIZE_VECTOR_TYPES 1
| /* end confdefs.h.  */
| #include <stdio.h>
| #ifdef HAVE_SYS_TYPES_H
| # include <sys/types.h>
| #endif
| #ifdef HAVE_SYS_STAT_H
| # include <sys/stat.h>
| #endif
| #ifdef STDC_HEADERS
| # include <stdlib.h>
| # include <stddef.h>
| #else
| # ifdef HAVE_STDLIB_H
| #  include <stdlib.h>
| # endif
| #endif
| #ifdef HAVE_STRING_H
| # if !defined STDC_HEADERS && defined HAVE_MEMORY_H
| #  include <memory.h>
| # endif
| # include <string.h>
| #endif
| #ifdef HAVE_STRINGS_H
| # include <strings.h>
| #endif
| #ifdef HAVE_INTTYPES_H
| # include <inttypes.h>
| #endif
| #ifdef HAVE_STDINT_H
| # include <stdint.h>
| #endif
| #ifdef HAVE_UNISTD_H
| # include <unistd.h>
| #endif
|     typedef float float4 __attribute__((ext_vector_type (4)));
| int
| main ()
| {
| float4 a;
|     a[0] = a[1] = a[2] = a[3] = (float) rand();
|     a = __builtin_shufflevector(a, a, 3, 2, 1, 0);
|     printf("%f\n", a[0]);
|   ;
|   return 0;
| }
configure:5898: result: no
configure:5932: checking for library containing pthread_create
configure:5963: gcc -W -Wall -o conftest -g -O2   conftest.c -lm  >&5
/usr/bin/ld: /tmp/ccSk67Bx.o: in function `main':
/home/paperspace/Desktop/fitness/gifsicle-1.91/conftest.c:43: undefined reference to `pthread_create'
collect2: error: ld returned 1 exit status
configure:5963: $? = 1
configure: failed program was:
| /* confdefs.h */
| #define PACKAGE_NAME "gifsicle"
| #define PACKAGE_TARNAME "gifsicle"
| #define PACKAGE_VERSION "1.91"
| #define PACKAGE_STRING "gifsicle 1.91"
| #define PACKAGE_BUGREPORT ""
| #define PACKAGE_URL ""
| #define PACKAGE "gifsicle"
| #define VERSION "1.91"
| #define X_DISPLAY_MISSING 1
| #define RANDOM random
| #define HAVE_STRERROR 1
| #define HAVE_STRTOUL 1
| #define HAVE_MKSTEMP 1
| #define HAVE_POW 1
| #define HAVE_SYS_SELECT_H 1
| #define HAVE_SYS_STAT_H 1
| #define HAVE_INTTYPES_H 1
| #define HAVE_UNISTD_H 1
| #define HAVE_INTTYPES_H 1
| #define HAVE_SYS_TYPES_H 1
| #define HAVE_UINTPTR_T 1
| #define HAVE_INT64_T 1
| #define HAVE_UINT64_T 1
| #define SIZEOF_FLOAT 4
| #define SIZEOF_UNSIGNED_INT 4
| #define SIZEOF_UNSIGNED_LONG 8
| #define SIZEOF_VOID_P 8
| #define HAVE_VECTOR_SIZE_VECTOR_TYPES 1
| #define HAVE_SIMD 1
| /* end confdefs.h.  */
| 
| /* Override any GCC internal prototype to avoid an error.
|    Use char because int might match the return type of a GCC
|    builtin and then its argument prototype would still apply.  */
| #ifdef __cplusplus
| extern "C"
| #endif
| char pthread_create ();
| int
| main ()
| {
| return pthread_create ();
|   ;
|   return 0;
| }
configure:5963: gcc -W -Wall -o conftest -g -O2   conftest.c -lpthread  -lm  >&5
configure:5963: $? = 0
configure:5980: result: -lpthread
configure:5990: checking for __sync_add_and_fetch
configure:6004: gcc -W -Wall -c -g -O2  conftest.c >&5
configure:6004: $? = 0
configure:6013: result: yes
configure:6156: checking that generated files are newer than configure
configure:6162: result: done
configure:6185: creating ./config.status

## ---------------------- ##
## Running config.status. ##
## ---------------------- ##

This file was extended by gifsicle config.status 1.91, which was
generated by GNU Autoconf 2.69.  Invocation command line was

  CONFIG_FILES    = 
  CONFIG_HEADERS  = 
  CONFIG_LINKS    = 
  CONFIG_COMMANDS = 
  $ ./config.status 

on ps1o3r4w5

config.status:872: creating Makefile
config.status:872: creating src/Makefile
config.status:872: creating config.h
config.status:1101: executing depfiles commands

## ---------------- ##
## Cache variables. ##
## ---------------- ##

ac_cv___builtin_shufflevector=no
ac_cv_c_compiler_gnu=yes
ac_cv_c_const=yes
ac_cv_c_inline=inline
ac_cv_env_CC_set=
ac_cv_env_CC_value=
ac_cv_env_CFLAGS_set=
ac_cv_env_CFLAGS_value=
ac_cv_env_CPPFLAGS_set=
ac_cv_env_CPPFLAGS_value=
ac_cv_env_CPP_set=
ac_cv_env_CPP_value=
ac_cv_env_LDFLAGS_set=
ac_cv_env_LDFLAGS_value=
ac_cv_env_LIBS_set=
ac_cv_env_LIBS_value=
ac_cv_env_XMKMF_set=
ac_cv_env_XMKMF_value=
ac_cv_env_build_alias_set=
ac_cv_env_build_alias_value=
ac_cv_env_host_alias_set=
ac_cv_env_host_alias_value=
ac_cv_env_target_alias_set=
ac_cv_env_target_alias_value=
ac_cv_ext_vector_type_vector_types=no
ac_cv_func_mkstemp=yes
ac_cv_func_random=yes
ac_cv_func_strerror=yes
ac_cv_func_strtoul=yes
ac_cv_header_inttypes_h=yes
ac_cv_header_sys_select_h=yes
ac_cv_header_sys_stat_h=yes
ac_cv_header_sys_types_h=yes
ac_cv_header_unistd_h=yes
ac_cv_objext=o
ac_cv_path_install='/usr/bin/install -c'
ac_cv_path_mkdir=/usr/bin/mkdir
ac_cv_prog_AWK=gawk
ac_cv_prog_CPP='gcc -E'
ac_cv_prog_ac_ct_CC=gcc
ac_cv_prog_cc_c89=
ac_cv_prog_cc_g=yes
ac_cv_prog_make_make_set=yes
ac_cv_search_pow=-lm
ac_cv_search_pthread_create=-lpthread
ac_cv_sizeof_float=4
ac_cv_sizeof_unsigned_int=4
ac_cv_sizeof_unsigned_long=8
ac_cv_sizeof_void_p=8
ac_cv_type_int64_t=yes
ac_cv_type_uint64_t=yes
ac_cv_type_uintptr_t=yes
ac_cv_vector_size_vector_types=yes
am_cv_CC_dependencies_compiler_type=gcc3
am_cv_make_support_nested_variables=yes
am_cv_prog_cc_c_o=yes

## ----------------- ##
## Output variables. ##
## ----------------- ##

ACLOCAL='${SHELL} /home/paperspace/Desktop/fitness/gifsicle-1.91/missing aclocal-1.15'
AMDEPBACKSLASH='\'
AMDEP_FALSE='#'
AMDEP_TRUE=''
AMTAR='$${TAR-tar}'
AM_BACKSLASH='\'
AM_DEFAULT_V='$(AM_DEFAULT_VERBOSITY)'
AM_DEFAULT_VERBOSITY='1'
AM_V='$(V)'
AUTOCONF='${SHELL} /home/paperspace/Desktop/fitness/gifsicle-1.91/missing autoconf'
AUTOHEADER='${SHELL} /home/paperspace/Desktop/fitness/gifsicle-1.91/missing autoheader'
AUTOMAKE='${SHELL} /home/paperspace/Desktop/fitness/gifsicle-1.91/missing automake-1.15'
AWK='gawk'
CC='gcc -W -Wall'
CCDEPMODE='depmode=gcc3'
CFLAGS='-g -O2'
CPP='gcc -E'
CPPFLAGS=''
CYGPATH_W='echo'
DEFS='-DHAVE_CONFIG_H'
DEPDIR='.deps'
ECHO_C=''
ECHO_N='-n'
ECHO_T=''
EGREP=''
EXEEXT=''
GIFWRITE_O='gifwrite.o'
GREP=''
INSTALL_DATA='${INSTALL} -m 644'
INSTALL_PROGRAM='${INSTALL}'
INSTALL_SCRIPT='${INSTALL}'
INSTALL_STRIP_PROGRAM='$(install_sh) -c -s'
LDFLAGS=''
LIBOBJS=''
LIBS='-lpthread -lm '
LTLIBOBJS=''
MAKEINFO='${SHELL} /home/paperspace/Desktop/fitness/gifsicle-1.91/missing makeinfo'
MKDIR_P='/usr/bin/mkdir -p'
OBJEXT='o'
OTHERMANS=' gifdiff.1'
OTHERPROGRAMS=' gifdiff$(EXEEXT)'
PACKAGE='gifsicle'
PACKAGE_BUGREPORT=''
PACKAGE_NAME='gifsicle'
PACKAGE_STRING='gifsicle 1.91'
PACKAGE_TARNAME='gifsicle'
PACKAGE_URL=''
PACKAGE_VERSION='1.91'
PATH_SEPARATOR=':'
SET_MAKE=''
SHELL='/bin/bash'
STRIP=''
VERSION='1.91'
WERROR=''
XMKMF=''
X_CFLAGS=''
X_EXTRA_LIBS=''
X_LIBS=''
X_PRE_LIBS=''
ac_ct_CC='gcc'
am__EXEEXT_FALSE=''
am__EXEEXT_TRUE='#'
am__fastdepCC_FALSE='#'
am__fastdepCC_TRUE=''
am__include='include'
am__isrc=''
am__leading_dot='.'
am__nodep='_no'
am__quote=''
am__tar='$${TAR-tar} chof - "$$tardir"'
am__untar='$${TAR-tar} xf -'
bindir='${exec_prefix}/bin'
build_alias=''
datadir='${datarootdir}'
datarootdir='${prefix}/share'
docdir='${datarootdir}/doc/${PACKAGE_TARNAME}'
dvidir='${docdir}'
exec_prefix='${prefix}'
host_alias=''
htmldir='${docdir}'
includedir='${prefix}/include'
infodir='${datarootdir}/info'
install_sh='${SHELL} /home/paperspace/Desktop/fitness/gifsicle-1.91/install-sh'
libdir='${exec_prefix}/lib'
libexecdir='${exec_prefix}/libexec'
localedir='${datarootdir}/locale'
localstatedir='${prefix}/var'
mandir='${datarootdir}/man'
mkdir_p='$(MKDIR_P)'
oldincludedir='/usr/include'
pdfdir='${docdir}'
prefix='/usr/local'
program_transform_name='s,x,x,'
psdir='${docdir}'
sbindir='${exec_prefix}/sbin'
sharedstatedir='${prefix}/com'
sysconfdir='${prefix}/etc'
target_alias=''

## ----------- ##
## confdefs.h. ##
## ----------- ##

/* confdefs.h */
#define PACKAGE_NAME "gifsicle"
#define PACKAGE_TARNAME "gifsicle"
#define PACKAGE_VERSION "1.91"
#define PACKAGE_STRING "gifsicle 1.91"
#define PACKAGE_BUGREPORT ""
#define PACKAGE_URL ""
#define PACKAGE "gifsicle"
#define VERSION "1.91"
#define X_DISPLAY_MISSING 1
#define RANDOM random
#define HAVE_STRERROR 1
#define HAVE_STRTOUL 1
#define HAVE_MKSTEMP 1
#define HAVE_POW 1
#define HAVE_SYS_SELECT_H 1
#define HAVE_SYS_STAT_H 1
#define HAVE_INTTYPES_H 1
#define HAVE_UNISTD_H 1
#define HAVE_INTTYPES_H 1
#define HAVE_SYS_TYPES_H 1
#define HAVE_UINTPTR_T 1
#define HAVE_INT64_T 1
#define HAVE_UINT64_T 1
#define SIZEOF_FLOAT 4
#define SIZEOF_UNSIGNED_INT 4
#define SIZEOF_UNSIGNED_LONG 8
#define SIZEOF_VOID_P 8
#define HAVE_VECTOR_SIZE_VECTOR_TYPES 1
#define HAVE_SIMD 1
#define HAVE___SYNC_ADD_AND_FETCH 1
#define ENABLE_THREADS 1
#define PATHNAME_SEPARATOR '/'

configure: exit 0
